app/build/intermediates/manifest_merge_blame_file/civDebug/manifest-merger-blame-civ-debug-report.txt
1<?xml version="1.0" encoding="utf-8"?>
2<manifest xmlns:android="http://schemas.android.com/apk/res/android"
3    package="com.atakmap.android.cotexplorer.plugin"
4    android:versionCode="1735243572"
5    android:versionName="1.2 (8b82a6ef) - [4.10.0]" >
6
7    <uses-sdk
8        android:minSdkVersion="24"
8-->src\main\AndroidManifest.xml
9        android:targetSdkVersion="33" />
9-->src\main\AndroidManifest.xml
10
11    <application
11-->src\main\AndroidManifest.xml:6:5-24:19
12        android:allowBackup="false"
12-->src\main\AndroidManifest.xml:8:9-36
13        android:appComponentFactory="androidx.core.app.CoreComponentFactory"
13-->[androidx.core:core:1.7.0] AndroidManifest.xml:24:18-86
14        android:debuggable="true"
15        android:description="@string/app_desc"
15-->src\main\AndroidManifest.xml:11:9-47
16        android:extractNativeLibs="true"
16-->src\main\AndroidManifest.xml:12:9-41
17        android:icon="@drawable/ic_launcher"
17-->src\main\AndroidManifest.xml:9:9-45
18        android:label="@string/app_name"
18-->src\main\AndroidManifest.xml:10:9-41
19        android:testOnly="true"
20        android:theme="@style/AppTheme"
20-->src\main\AndroidManifest.xml:13:9-40
21        android:usesCleartextTraffic="true" >
21-->src\main\AndroidManifest.xml:7:9-44
22        <meta-data
23            android:name="plugin-api"
23-->src\main\AndroidManifest.xml:14:20-45
24            android:value="com.atakmap.app@4.10.0.CIV" />
24-->src\main\AndroidManifest.xml:14:46-79
25        <meta-data
25-->src\main\AndroidManifest.xml:15:9-78
26            android:name="app_desc"
26-->src\main\AndroidManifest.xml:15:20-43
27            android:value="@string/app_desc" />
27-->src\main\AndroidManifest.xml:15:44-76
28
29        <activity
29-->src\main\AndroidManifest.xml:17:15-23:26
30            android:name="com.atakmap.app.component"
30-->src\main\AndroidManifest.xml:17:25-65
31            android:exported="true" >
31-->src\main\AndroidManifest.xml:19:19-42
32            <intent-filter android:label="@string/app_name" >
32-->src\main\AndroidManifest.xml:20:19-22:35
32-->src\main\AndroidManifest.xml:20:34-66
33                <action android:name="com.atakmap.app.component" />
33-->src\main\AndroidManifest.xml:21:21-72
33-->src\main\AndroidManifest.xml:21:29-69
34            </intent-filter>
35        </activity>
36    </application>
37
38</manifest>